
> nextjs-new@0.1.0 lint
> eslint


C:\Users\HP\orchids-projects\brown-worm\src\app\about\page.tsx
  100:60  error  `'` can be escaped with `&apos;`, `&lsquo;`, `&#39;`, `&rsquo;`  react/no-unescaped-entities

C:\Users\HP\orchids-projects\brown-worm\src\app\contact\page.tsx
  92:90  error  `'` can be escaped with `&apos;`, `&lsquo;`, `&#39;`, `&rsquo;`  react/no-unescaped-entities

C:\Users\HP\orchids-projects\brown-worm\src\app\page.tsx
  108:63   error  `'` can be escaped with `&apos;`, `&lsquo;`, `&#39;`, `&rsquo;`  react/no-unescaped-entities
  429:138  error  `'` can be escaped with `&apos;`, `&lsquo;`, `&#39;`, `&rsquo;`  react/no-unescaped-entities
  429:164  error  `'` can be escaped with `&apos;`, `&lsquo;`, `&#39;`, `&rsquo;`  react/no-unescaped-entities
  429:193  error  `'` can be escaped with `&apos;`, `&lsquo;`, `&#39;`, `&rsquo;`  react/no-unescaped-entities

C:\Users\HP\orchids-projects\brown-worm\src\app\shop\[slug]\page.tsx
   8:3   warning  'ArrowLeft' is defined but never used                                                                                           @typescript-eslint/no-unused-vars
   9:38  warning  'Share2' is defined but never used                                                                                              @typescript-eslint/no-unused-vars
   9:46  warning  'ChevronDown' is defined but never used                                                                                         @typescript-eslint/no-unused-vars
  31:23  error    React Hook "useCart" is called conditionally. React Hooks must be called in the exact same order in every component render      react-hooks/rules-of-hooks
  32:36  error    React Hook "useWishlist" is called conditionally. React Hooks must be called in the exact same order in every component render  react-hooks/rules-of-hooks
  35:45  error    React Hook "useState" is called conditionally. React Hooks must be called in the exact same order in every component render     react-hooks/rules-of-hooks
  36:35  error    React Hook "useState" is called conditionally. React Hooks must be called in the exact same order in every component render     react-hooks/rules-of-hooks
  37:37  error    React Hook "useState" is called conditionally. React Hooks must be called in the exact same order in every component render     react-hooks/rules-of-hooks
  38:41  error    React Hook "useState" is called conditionally. React Hooks must be called in the exact same order in every component render     react-hooks/rules-of-hooks

C:\Users\HP\orchids-projects\brown-worm\src\app\wishlist\page.tsx
   5:29  warning  'ShoppingCart' is defined but never used         @typescript-eslint/no-unused-vars
  12:18  warning  'removeItem' is assigned a value but never used  @typescript-eslint/no-unused-vars

Γ£û 17 problems (12 errors, 5 warnings)

